<?xml version="1.0" encoding="UTF-8" standalone="yes"?><!DOCTYPE report PUBLIC "-//JACOCO//DTD Report 1.1//EN" "report.dtd"><report name="PFMHT010-01-PE"><sessioninfo id="XP75786-a3102419" start="1763609534840" dump="1763609538309"/><package name="com/bbva/pfmh"><class name="com/bbva/pfmh/PFMHT01001PETransaction$InvocationOutcome" sourcefilename="PFMHT01001PETransaction.java"><method name="&lt;init&gt;" desc="(Ljava/util/List;Z)V" line="182"><counter type="INSTRUCTION" missed="0" covered="9"/><counter type="LINE" missed="0" covered="4"/><counter type="COMPLEXITY" missed="0" covered="1"/><counter type="METHOD" missed="0" covered="1"/></method><method name="success" desc="(Ljava/util/List;)Lcom/bbva/pfmh/PFMHT01001PETransaction$InvocationOutcome;" line="188"><counter type="INSTRUCTION" missed="0" covered="6"/><counter type="LINE" missed="0" covered="1"/><counter type="COMPLEXITY" missed="0" covered="1"/><counter type="METHOD" missed="0" covered="1"/></method><method name="failure" desc="()Lcom/bbva/pfmh/PFMHT01001PETransaction$InvocationOutcome;" line="192"><counter type="INSTRUCTION" missed="0" covered="6"/><counter type="LINE" missed="0" covered="1"/><counter type="COMPLEXITY" missed="0" covered="1"/><counter type="METHOD" missed="0" covered="1"/></method><method name="getPayload" desc="()Ljava/util/List;" line="196"><counter type="INSTRUCTION" missed="0" covered="3"/><counter type="LINE" missed="0" covered="1"/><counter type="COMPLEXITY" missed="0" covered="1"/><counter type="METHOD" missed="0" covered="1"/></method><method name="isFailureHandled" desc="()Z" line="200"><counter type="INSTRUCTION" missed="0" covered="3"/><counter type="LINE" missed="0" covered="1"/><counter type="COMPLEXITY" missed="0" covered="1"/><counter type="METHOD" missed="0" covered="1"/></method><counter type="INSTRUCTION" missed="0" covered="27"/><counter type="LINE" missed="0" covered="8"/><counter type="COMPLEXITY" missed="0" covered="5"/><counter type="METHOD" missed="0" covered="5"/><counter type="CLASS" missed="0" covered="1"/></class><class name="com/bbva/pfmh/PFMHT01001PETransaction$PageWindow" sourcefilename="PFMHT01001PETransaction.java"><method name="&lt;init&gt;" desc="(Lcom/bbva/pfmh/PFMHT01001PETransaction;II)V" line="412"><counter type="INSTRUCTION" missed="0" covered="14"/><counter type="LINE" missed="0" covered="4"/><counter type="COMPLEXITY" missed="0" covered="1"/><counter type="METHOD" missed="0" covered="1"/></method><method name="isComplete" desc="()Z" line="418"><counter type="INSTRUCTION" missed="0" covered="7"/><counter type="BRANCH" missed="0" covered="2"/><counter type="LINE" missed="0" covered="1"/><counter type="COMPLEXITY" missed="0" covered="2"/><counter type="METHOD" missed="0" covered="1"/></method><method name="consume" desc="(Lcom/bbva/pfmh/dto/jcisconnector/ffmm/commons/OutputInvestmentFundsDTO;Ljava/util/List;Ljava/util/List;)V" line="424"><counter type="INSTRUCTION" missed="1" covered="53"/><counter type="BRANCH" missed="3" covered="5"/><counter type="LINE" missed="1" covered="11"/><counter type="COMPLEXITY" missed="3" covered="2"/><counter type="METHOD" missed="0" covered="1"/></method><method name="buildLimitedDto" desc="(Lcom/bbva/pfmh/dto/jcisconnector/ffmm/commons/OutputInvestmentFundsDTO;Ljava/util/List;II)Lcom/bbva/pfmh/dto/jcisconnector/ffmm/commons/OutputInvestmentFundsDTO;" line="447"><counter type="INSTRUCTION" missed="0" covered="19"/><counter type="LINE" missed="0" covered="4"/><counter type="COMPLEXITY" missed="0" covered="1"/><counter type="METHOD" missed="0" covered="1"/></method><counter type="INSTRUCTION" missed="1" covered="93"/><counter type="BRANCH" missed="3" covered="7"/><counter type="LINE" missed="1" covered="20"/><counter type="COMPLEXITY" missed="3" covered="6"/><counter type="METHOD" missed="0" covered="4"/><counter type="CLASS" missed="0" covered="1"/></class><class name="com/bbva/pfmh/PFMHT01001PETransaction" sourcefilename="PFMHT01001PETransaction.java"><method name="&lt;init&gt;" desc="()V" line="24"><counter type="INSTRUCTION" missed="0" covered="3"/><counter type="LINE" missed="0" covered="1"/><counter type="COMPLEXITY" missed="0" covered="1"/><counter type="METHOD" missed="0" covered="1"/></method><method name="execute" desc="()V" line="30"><counter type="INSTRUCTION" missed="0" covered="167"/><counter type="BRANCH" missed="0" covered="4"/><counter type="LINE" missed="0" covered="42"/><counter type="COMPLEXITY" missed="0" covered="3"/><counter type="METHOD" missed="0" covered="1"/></method><method name="handleFailure" desc="()V" line="92"><counter type="INSTRUCTION" missed="0" covered="15"/><counter type="LINE" missed="0" covered="5"/><counter type="COMPLEXITY" missed="0" covered="1"/><counter type="METHOD" missed="0" covered="1"/></method><method name="buildServiceRequest" desc="(Lcom/bbva/pfmh/dto/jcisconnector/ffmm/commons/InputListInvestmentFundsDTO;)Lcom/bbva/pfmh/dto/jcisconnector/ffmm/commons/InputListInvestmentFundsDTO;" line="99"><counter type="INSTRUCTION" missed="0" covered="18"/><counter type="BRANCH" missed="0" covered="2"/><counter type="LINE" missed="0" covered="6"/><counter type="COMPLEXITY" missed="0" covered="2"/><counter type="METHOD" missed="0" covered="1"/></method><method name="invokeLibrary" desc="(Lcom/bbva/pfmh/lib/r010/PFMHR010;Lcom/bbva/pfmh/dto/jcisconnector/ffmm/commons/InputListInvestmentFundsDTO;)Lcom/bbva/pfmh/PFMHT01001PETransaction$InvocationOutcome;" line="111"><counter type="INSTRUCTION" missed="2" covered="30"/><counter type="BRANCH" missed="0" covered="2"/><counter type="LINE" missed="1" covered="9"/><counter type="COMPLEXITY" missed="0" covered="2"/><counter type="METHOD" missed="0" covered="1"/></method><method name="normalizeResponse" desc="(Ljava/util/List;)Ljava/util/List;" line="140"><counter type="INSTRUCTION" missed="0" covered="9"/><counter type="BRANCH" missed="0" covered="2"/><counter type="LINE" missed="0" covered="4"/><counter type="COMPLEXITY" missed="0" covered="2"/><counter type="METHOD" missed="0" covered="1"/></method><method name="handleKnownFailure" desc="(Ljava/lang/Throwable;)Lcom/bbva/pfmh/PFMHT01001PETransaction$InvocationOutcome;" line="149"><counter type="INSTRUCTION" missed="0" covered="16"/><counter type="BRANCH" missed="0" covered="2"/><counter type="LINE" missed="0" covered="5"/><counter type="COMPLEXITY" missed="0" covered="2"/><counter type="METHOD" missed="0" covered="1"/></method><method name="isKnownFailure" desc="(Ljava/lang/Throwable;)Z" line="160"><counter type="INSTRUCTION" missed="0" covered="16"/><counter type="BRANCH" missed="2" covered="6"/><counter type="LINE" missed="0" covered="1"/><counter type="COMPLEXITY" missed="2" covered="3"/><counter type="METHOD" missed="0" covered="1"/></method><method name="unwrap" desc="(Ljava/lang/Throwable;)Ljava/lang/Throwable;" line="167"><counter type="INSTRUCTION" missed="2" covered="9"/><counter type="BRANCH" missed="2" covered="2"/><counter type="LINE" missed="1" covered="2"/><counter type="COMPLEXITY" missed="2" covered="1"/><counter type="METHOD" missed="0" covered="1"/></method><method name="throwUnchecked" desc="(Ljava/lang/Throwable;)V" line="175"><counter type="INSTRUCTION" missed="0" covered="2"/><counter type="LINE" missed="0" covered="1"/><counter type="COMPLEXITY" missed="0" covered="1"/><counter type="METHOD" missed="0" covered="1"/></method><method name="resolvePayload" desc="(Ljava/util/List;Lcom/bbva/pfmh/dto/jcisconnector/ffmm/commons/IntPaginationDTO;Ljava/lang/Integer;I)Ljava/util/List;" line="208"><counter type="INSTRUCTION" missed="0" covered="15"/><counter type="BRANCH" missed="0" covered="2"/><counter type="LINE" missed="0" covered="2"/><counter type="COMPLEXITY" missed="0" covered="2"/><counter type="METHOD" missed="0" covered="1"/></method><method name="summarizeResponse" desc="(Ljava/util/List;Ljava/util/List;)Lcom/bbva/pfmh/PFMHT01001PETransaction$ResponseSummary;" line="214"><counter type="INSTRUCTION" missed="2" covered="16"/><counter type="BRANCH" missed="1" covered="1"/><counter type="LINE" missed="0" covered="3"/><counter type="COMPLEXITY" missed="1" covered="1"/><counter type="METHOD" missed="0" covered="1"/></method><method name="applyPaginationMetadata" desc="(Lcom/bbva/pfmh/dto/jcisconnector/ffmm/commons/IntPaginationDTO;Lcom/bbva/pfmh/dto/jcisconnector/ffmm/commons/PaginationDTO;)V" line="221"><counter type="INSTRUCTION" missed="0" covered="15"/><counter type="BRANCH" missed="0" covered="4"/><counter type="LINE" missed="0" covered="7"/><counter type="COMPLEXITY" missed="0" covered="3"/><counter type="METHOD" missed="0" covered="1"/></method><method name="updateSeverity" desc="(Lcom/bbva/pfmh/PFMHT01001PETransaction$ResponseSummary;)V" line="234"><counter type="INSTRUCTION" missed="0" covered="11"/><counter type="BRANCH" missed="0" covered="2"/><counter type="LINE" missed="0" covered="3"/><counter type="COMPLEXITY" missed="0" covered="2"/><counter type="METHOD" missed="0" covered="1"/></method><method name="mapPagination" desc="(Lcom/bbva/pfmh/PFMHT01001PETransaction$ResponseSummary;Lcom/bbva/pfmh/dto/jcisconnector/ffmm/commons/LinksDTO;Ljava/lang/Integer;I)Lcom/bbva/pfmh/dto/jcisconnector/ffmm/commons/PaginationDTO;" line="264"><counter type="INSTRUCTION" missed="2" covered="45"/><counter type="BRANCH" missed="3" covered="5"/><counter type="LINE" missed="0" covered="11"/><counter type="COMPLEXITY" missed="3" covered="2"/><counter type="METHOD" missed="0" covered="1"/></method><method name="ensurePaginationLinks" desc="(Lcom/bbva/pfmh/dto/jcisconnector/ffmm/commons/PaginationDTO;Lcom/bbva/pfmh/PFMHT01001PETransaction$ResponseSummary;Ljava/lang/Integer;I)Lcom/bbva/pfmh/dto/jcisconnector/ffmm/commons/LinksDTO;" line="288"><counter type="INSTRUCTION" missed="0" covered="45"/><counter type="BRANCH" missed="1" covered="9"/><counter type="LINE" missed="0" covered="15"/><counter type="COMPLEXITY" missed="1" covered="5"/><counter type="METHOD" missed="0" covered="1"/></method><method name="synchronizePaginationLinks" desc="(Lcom/bbva/pfmh/dto/jcisconnector/ffmm/commons/PaginationDTO;Lcom/bbva/pfmh/dto/jcisconnector/ffmm/commons/LinksDTO;)Lcom/bbva/pfmh/dto/jcisconnector/ffmm/commons/LinksDTO;" line="316"><counter type="INSTRUCTION" missed="4" covered="17"/><counter type="BRANCH" missed="2" covered="2"/><counter type="LINE" missed="1" covered="6"/><counter type="COMPLEXITY" missed="2" covered="1"/><counter type="METHOD" missed="0" covered="1"/></method><method name="exposeLinks" desc="(Lcom/bbva/pfmh/dto/jcisconnector/ffmm/commons/LinksDTO;Lcom/bbva/pfmh/dto/jcisconnector/ffmm/commons/PaginationDTO;)V" line="331"><counter type="INSTRUCTION" missed="0" covered="24"/><counter type="BRANCH" missed="1" covered="5"/><counter type="LINE" missed="0" covered="5"/><counter type="COMPLEXITY" missed="1" covered="3"/><counter type="METHOD" missed="0" covered="1"/></method><method name="computeStartIndex" desc="(ILjava/lang/Integer;)I" line="341"><counter type="INSTRUCTION" missed="0" covered="25"/><counter type="BRANCH" missed="1" covered="7"/><counter type="LINE" missed="0" covered="4"/><counter type="COMPLEXITY" missed="1" covered="4"/><counter type="METHOD" missed="0" covered="1"/></method><method name="applyPageSize" desc="(Ljava/util/List;Ljava/lang/Integer;I)Ljava/util/List;" line="352"><counter type="INSTRUCTION" missed="2" covered="73"/><counter type="BRANCH" missed="4" covered="18"/><counter type="LINE" missed="0" covered="19"/><counter type="COMPLEXITY" missed="4" covered="8"/><counter type="METHOD" missed="0" covered="1"/></method><method name="countFunds" desc="(Ljava/util/List;)I" line="386"><counter type="INSTRUCTION" missed="0" covered="22"/><counter type="BRANCH" missed="0" covered="2"/><counter type="LINE" missed="0" covered="5"/><counter type="COMPLEXITY" missed="0" covered="2"/><counter type="METHOD" missed="0" covered="1"/></method><method name="extractFunds" desc="(Lcom/bbva/pfmh/dto/jcisconnector/ffmm/commons/OutputInvestmentFundsDTO;)Ljava/util/List;" line="394"><counter type="INSTRUCTION" missed="2" covered="38"/><counter type="BRANCH" missed="2" covered="10"/><counter type="LINE" missed="0" covered="8"/><counter type="COMPLEXITY" missed="2" covered="5"/><counter type="METHOD" missed="0" covered="1"/></method><method name="buildLinks" desc="(Ljava/util/List;Ljava/util/List;)Lcom/bbva/pfmh/dto/jcisconnector/ffmm/commons/LinksDTO;" line="456"><counter type="INSTRUCTION" missed="0" covered="104"/><counter type="BRANCH" missed="4" covered="20"/><counter type="LINE" missed="0" covered="16"/><counter type="COMPLEXITY" missed="4" covered="9"/><counter type="METHOD" missed="0" covered="1"/></method><method name="buildFallbackLinks" desc="(Lcom/bbva/pfmh/PFMHT01001PETransaction$ResponseSummary;Ljava/lang/Integer;I)Lcom/bbva/pfmh/dto/jcisconnector/ffmm/commons/LinksDTO;" line="487"><counter type="INSTRUCTION" missed="4" covered="69"/><counter type="BRANCH" missed="3" covered="11"/><counter type="LINE" missed="2" covered="18"/><counter type="COMPLEXITY" missed="3" covered="5"/><counter type="METHOD" missed="0" covered="1"/></method><method name="buildPaginationLinksFromMetadata" desc="(Lcom/bbva/pfmh/dto/jcisconnector/ffmm/commons/PaginationDTO;)Lcom/bbva/pfmh/dto/jcisconnector/ffmm/commons/LinksDTO;" line="525"><counter type="INSTRUCTION" missed="2" covered="61"/><counter type="BRANCH" missed="5" covered="7"/><counter type="LINE" missed="1" covered="15"/><counter type="COMPLEXITY" missed="5" covered="2"/><counter type="METHOD" missed="0" covered="1"/></method><method name="hasAnyLinkValue" desc="(Lcom/bbva/pfmh/dto/jcisconnector/ffmm/commons/LinksDTO;)Z" line="555"><counter type="INSTRUCTION" missed="0" covered="20"/><counter type="BRANCH" missed="2" covered="8"/><counter type="LINE" missed="0" covered="6"/><counter type="COMPLEXITY" missed="2" covered="4"/><counter type="METHOD" missed="0" covered="1"/></method><method name="copyLinks" desc="(Lcom/bbva/pfmh/dto/jcisconnector/ffmm/commons/LinksDTO;)Lcom/bbva/pfmh/dto/jcisconnector/ffmm/commons/LinksDTO;" line="566"><counter type="INSTRUCTION" missed="2" covered="24"/><counter type="BRANCH" missed="1" covered="1"/><counter type="LINE" missed="1" covered="7"/><counter type="COMPLEXITY" missed="1" covered="1"/><counter type="METHOD" missed="0" covered="1"/></method><method name="describeFund" desc="(Lcom/bbva/pfmh/dto/jcisconnector/ffmm/investmen/InvestmentFund;)Ljava/lang/String;" line="579"><counter type="INSTRUCTION" missed="2" covered="16"/><counter type="BRANCH" missed="1" covered="3"/><counter type="LINE" missed="1" covered="5"/><counter type="COMPLEXITY" missed="1" covered="2"/><counter type="METHOD" missed="0" covered="1"/></method><method name="indexOf" desc="(Ljava/util/List;Lcom/bbva/pfmh/dto/jcisconnector/ffmm/investmen/InvestmentFund;)I" line="592"><counter type="INSTRUCTION" missed="2" covered="24"/><counter type="BRANCH" missed="3" covered="7"/><counter type="LINE" missed="1" covered="5"/><counter type="COMPLEXITY" missed="3" covered="3"/><counter type="METHOD" missed="0" covered="1"/></method><method name="normalizePageSize" desc="(Ljava/lang/Long;)Ljava/lang/Integer;" line="606"><counter type="INSTRUCTION" missed="2" covered="25"/><counter type="BRANCH" missed="2" covered="4"/><counter type="LINE" missed="1" covered="5"/><counter type="COMPLEXITY" missed="2" covered="2"/><counter type="METHOD" missed="0" covered="1"/></method><method name="resolvePageSize" desc="(Lcom/bbva/pfmh/dto/jcisconnector/ffmm/commons/IntPaginationDTO;Lcom/bbva/pfmh/dto/jcisconnector/ffmm/commons/InputListInvestmentFundsDTO;)Ljava/lang/Integer;" line="619"><counter type="INSTRUCTION" missed="2" covered="32"/><counter type="BRANCH" missed="4" covered="8"/><counter type="LINE" missed="1" covered="4"/><counter type="COMPLEXITY" missed="4" covered="3"/><counter type="METHOD" missed="0" covered="1"/></method><method name="asLong" desc="(Ljava/lang/Integer;)Ljava/lang/Long;" line="630"><counter type="INSTRUCTION" missed="2" covered="6"/><counter type="BRANCH" missed="1" covered="1"/><counter type="LINE" missed="0" covered="1"/><counter type="COMPLEXITY" missed="1" covered="1"/><counter type="METHOD" missed="0" covered="1"/></method><method name="resolveCurrentPage" desc="(Lcom/bbva/pfmh/dto/jcisconnector/ffmm/commons/InputListInvestmentFundsDTO;Ljava/lang/Integer;)I" line="634"><counter type="INSTRUCTION" missed="2" covered="14"/><counter type="BRANCH" missed="3" covered="3"/><counter type="LINE" missed="1" covered="2"/><counter type="COMPLEXITY" missed="3" covered="1"/><counter type="METHOD" missed="0" covered="1"/></method><method name="safeParse" desc="(Ljava/lang/String;)Ljava/math/BigInteger;" line="642"><counter type="INSTRUCTION" missed="2" covered="30"/><counter type="BRANCH" missed="1" covered="7"/><counter type="LINE" missed="1" covered="8"/><counter type="COMPLEXITY" missed="1" covered="4"/><counter type="METHOD" missed="0" covered="1"/></method><method name="normalize" desc="(Ljava/math/BigInteger;)I" line="661"><counter type="INSTRUCTION" missed="0" covered="19"/><counter type="BRANCH" missed="1" covered="5"/><counter type="LINE" missed="0" covered="6"/><counter type="COMPLEXITY" missed="1" covered="3"/><counter type="METHOD" missed="0" covered="1"/></method><method name="sanitizeKey" desc="(Ljava/lang/String;)Ljava/lang/String;" line="674"><counter type="INSTRUCTION" missed="0" covered="14"/><counter type="BRANCH" missed="0" covered="4"/><counter type="LINE" missed="0" covered="4"/><counter type="COMPLEXITY" missed="0" covered="3"/><counter type="METHOD" missed="0" covered="1"/></method><method name="sanitizeResponse" desc="(Ljava/util/List;)Ljava/util/List;" line="683"><counter type="INSTRUCTION" missed="0" covered="39"/><counter type="BRANCH" missed="0" covered="8"/><counter type="LINE" missed="0" covered="9"/><counter type="COMPLEXITY" missed="0" covered="5"/><counter type="METHOD" missed="0" covered="1"/></method><method name="sanitizeInvestmentFund" desc="(Lcom/bbva/pfmh/dto/jcisconnector/ffmm/commons/OutputInvestmentFundsDTO;)Lcom/bbva/pfmh/dto/jcisconnector/ffmm/commons/OutputInvestmentFundsDTO;" line="698"><counter type="INSTRUCTION" missed="0" covered="12"/><counter type="BRANCH" missed="0" covered="2"/><counter type="LINE" missed="0" covered="4"/><counter type="COMPLEXITY" missed="0" covered="2"/><counter type="METHOD" missed="0" covered="1"/></method><method name="sanitizeFunds" desc="(Ljava/util/List;)Ljava/util/List;" line="707"><counter type="INSTRUCTION" missed="2" covered="35"/><counter type="BRANCH" missed="1" covered="9"/><counter type="LINE" missed="0" covered="8"/><counter type="COMPLEXITY" missed="1" covered="5"/><counter type="METHOD" missed="0" covered="1"/></method><method name="extractPagination" desc="(Ljava/util/List;)Lcom/bbva/pfmh/dto/jcisconnector/ffmm/commons/IntPaginationDTO;" line="722"><counter type="INSTRUCTION" missed="0" covered="21"/><counter type="BRANCH" missed="0" covered="6"/><counter type="LINE" missed="0" covered="5"/><counter type="COMPLEXITY" missed="0" covered="4"/><counter type="METHOD" missed="0" covered="1"/></method><method name="buildEmptyEnvelope" desc="(Lcom/bbva/pfmh/dto/jcisconnector/ffmm/commons/IntPaginationDTO;)Ljava/util/List;" line="731"><counter type="INSTRUCTION" missed="0" covered="13"/><counter type="LINE" missed="0" covered="4"/><counter type="COMPLEXITY" missed="0" covered="1"/><counter type="METHOD" missed="0" covered="1"/></method><method name="extractFunds" desc="(Ljava/util/List;)Ljava/util/List;" line="738"><counter type="INSTRUCTION" missed="0" covered="40"/><counter type="BRANCH" missed="1" covered="9"/><counter type="LINE" missed="0" covered="9"/><counter type="COMPLEXITY" missed="1" covered="5"/><counter type="METHOD" missed="0" covered="1"/></method><method name="lambda$invokeLibrary$0" desc="(Ljava/util/concurrent/atomic/AtomicReference;Ljava/util/List;Ljava/lang/Throwable;)Lcom/bbva/pfmh/PFMHT01001PETransaction$InvocationOutcome;" line="117"><counter type="INSTRUCTION" missed="0" covered="22"/><counter type="BRANCH" missed="0" covered="4"/><counter type="LINE" missed="0" covered="7"/><counter type="COMPLEXITY" missed="0" covered="3"/><counter type="METHOD" missed="0" covered="1"/></method><method name="&lt;clinit&gt;" desc="()V" line="27"><counter type="INSTRUCTION" missed="0" covered="4"/><counter type="LINE" missed="0" covered="1"/><counter type="COMPLEXITY" missed="0" covered="1"/><counter type="METHOD" missed="0" covered="1"/></method><counter type="INSTRUCTION" missed="40" covered="1275"/><counter type="BRANCH" missed="52" covered="214"/><counter type="LINE" missed="13" covered="313"/><counter type="COMPLEXITY" missed="52" covered="125"/><counter type="METHOD" missed="0" covered="44"/><counter type="CLASS" missed="0" covered="1"/></class><class name="com/bbva/pfmh/AbstractPFMHT01001PETransaction" sourcefilename="AbstractPFMHT01001PETransaction.java"><method name="&lt;init&gt;" desc="()V" line="18"><counter type="INSTRUCTION" missed="0" covered="3"/><counter type="LINE" missed="0" covered="2"/><counter type="COMPLEXITY" missed="0" covered="1"/><counter type="METHOD" missed="0" covered="1"/></method><method name="getInputlistinvestmentfundsdto" desc="()Lcom/bbva/pfmh/dto/jcisconnector/ffmm/commons/InputListInvestmentFundsDTO;" line="26"><counter type="INSTRUCTION" missed="0" covered="5"/><counter type="LINE" missed="0" covered="1"/><counter type="COMPLEXITY" missed="0" covered="1"/><counter type="METHOD" missed="0" covered="1"/></method><method name="setData" desc="(Ljava/util/List;)V" line="33"><counter type="INSTRUCTION" missed="0" covered="5"/><counter type="LINE" missed="0" covered="2"/><counter type="COMPLEXITY" missed="0" covered="1"/><counter type="METHOD" missed="0" covered="1"/></method><method name="setResponseOut" desc="(Ljava/util/List;)V" line="40"><counter type="INSTRUCTION" missed="5" covered="0"/><counter type="LINE" missed="2" covered="0"/><counter type="COMPLEXITY" missed="1" covered="0"/><counter type="METHOD" missed="1" covered="0"/></method><method name="setPagination" desc="(Lcom/bbva/pfmh/dto/jcisconnector/ffmm/commons/PaginationDTO;)V" line="47"><counter type="INSTRUCTION" missed="0" covered="5"/><counter type="LINE" missed="0" covered="2"/><counter type="COMPLEXITY" missed="0" covered="1"/><counter type="METHOD" missed="0" covered="1"/></method><method name="setDTOLinks" desc="(Lcom/bbva/pfmh/dto/jcisconnector/ffmm/commons/LinksDTO;)V" line="54"><counter type="INSTRUCTION" missed="0" covered="5"/><counter type="LINE" missed="0" covered="2"/><counter type="COMPLEXITY" missed="0" covered="1"/><counter type="METHOD" missed="0" covered="1"/></method><method name="setDTOPagination" desc="(Lcom/bbva/pfmh/dto/jcisconnector/ffmm/commons/PaginationDTO;)V" line="61"><counter type="INSTRUCTION" missed="0" covered="5"/><counter type="LINE" missed="0" covered="2"/><counter type="COMPLEXITY" missed="0" covered="1"/><counter type="METHOD" missed="0" covered="1"/></method><method name="setDTOIntPagination" desc="(Lcom/bbva/pfmh/dto/jcisconnector/ffmm/commons/IntPaginationDTO;)V" line="68"><counter type="INSTRUCTION" missed="0" covered="5"/><counter type="LINE" missed="0" covered="2"/><counter type="COMPLEXITY" missed="0" covered="1"/><counter type="METHOD" missed="0" covered="1"/></method><counter type="INSTRUCTION" missed="5" covered="33"/><counter type="LINE" missed="2" covered="13"/><counter type="COMPLEXITY" missed="1" covered="7"/><counter type="METHOD" missed="1" covered="7"/><counter type="CLASS" missed="0" covered="1"/></class><class name="com/bbva/pfmh/PFMHT01001PETransaction$ResponseSummary" sourcefilename="PFMHT01001PETransaction.java"><method name="&lt;init&gt;" desc="(Lcom/bbva/pfmh/PFMHT01001PETransaction;Ljava/util/List;I)V" line="242"><counter type="INSTRUCTION" missed="2" covered="14"/><counter type="BRANCH" missed="1" covered="1"/><counter type="LINE" missed="0" covered="4"/><counter type="COMPLEXITY" missed="1" covered="1"/><counter type="METHOD" missed="0" covered="1"/></method><method name="getVisibleFunds" desc="()Ljava/util/List;" line="248"><counter type="INSTRUCTION" missed="0" covered="3"/><counter type="LINE" missed="0" covered="1"/><counter type="COMPLEXITY" missed="0" covered="1"/><counter type="METHOD" missed="0" covered="1"/></method><method name="hasVisibleFunds" desc="()Z" line="252"><counter type="INSTRUCTION" missed="0" covered="8"/><counter type="BRANCH" missed="0" covered="2"/><counter type="LINE" missed="0" covered="1"/><counter type="COMPLEXITY" missed="0" covered="2"/><counter type="METHOD" missed="0" covered="1"/></method><method name="getTotalElements" desc="()I" line="256"><counter type="INSTRUCTION" missed="0" covered="3"/><counter type="LINE" missed="0" covered="1"/><counter type="COMPLEXITY" missed="0" covered="1"/><counter type="METHOD" missed="0" covered="1"/></method><counter type="INSTRUCTION" missed="2" covered="28"/><counter type="BRANCH" missed="1" covered="3"/><counter type="LINE" missed="0" covered="7"/><counter type="COMPLEXITY" missed="1" covered="5"/><counter type="METHOD" missed="0" covered="4"/><counter type="CLASS" missed="0" covered="1"/></class><sourcefile name="PFMHT01001PETransaction.java"><line nr="24" mi="0" ci="3" mb="0" cb="0"/><line nr="27" mi="0" ci="4" mb="0" cb="0"/><line nr="30" mi="0" ci="3" mb="0" cb="0"/><line nr="31" mi="0" ci="5" mb="0" cb="0"/><line nr="32" mi="0" ci="3" mb="0" cb="0"/><line nr="33" mi="0" ci="2" mb="0" cb="2"/><line nr="34" mi="0" ci="3" mb="0" cb="0"/><line nr="35" mi="0" ci="2" mb="0" cb="0"/><line nr="36" mi="0" ci="1" mb="0" cb="0"/><line nr="39" mi="0" ci="4" mb="0" cb="0"/><line nr="41" mi="0" ci="3" mb="0" cb="0"/><line nr="42" mi="0" ci="3" mb="0" cb="0"/><line nr="43" mi="0" ci="3" mb="0" cb="0"/><line nr="44" mi="0" ci="3" mb="0" cb="0"/><line nr="46" mi="0" ci="4" mb="0" cb="0"/><line nr="47" mi="0" ci="4" mb="0" cb="0"/><line nr="48" mi="0" ci="4" mb="0" cb="0"/><line nr="49" mi="0" ci="4" mb="0" cb="0"/><line nr="51" mi="0" ci="3" mb="0" cb="0"/><line nr="53" mi="0" ci="5" mb="0" cb="0"/><line nr="55" mi="0" ci="3" mb="0" cb="2"/><line nr="56" mi="0" ci="1" mb="0" cb="0"/><line nr="59" mi="0" ci="3" mb="0" cb="0"/><line nr="61" mi="0" ci="4" mb="0" cb="0"/><line nr="62" mi="0" ci="4" mb="0" cb="0"/><line nr="63" mi="0" ci="4" mb="0" cb="0"/><line nr="64" mi="0" ci="5" mb="0" cb="0"/><line nr="65" mi="0" ci="5" mb="0" cb="0"/><line nr="66" mi="0" ci="5" mb="0" cb="0"/><line nr="68" mi="0" ci="7" mb="0" cb="0"/><line nr="70" mi="0" ci="5" mb="0" cb="0"/><line nr="72" mi="0" ci="3" mb="0" cb="0"/><line nr="73" mi="0" ci="4" mb="0" cb="0"/><line nr="75" mi="0" ci="10" mb="0" cb="0"/><line nr="76" mi="0" ci="4" mb="0" cb="0"/><line nr="78" mi="0" ci="6" mb="0" cb="0"/><line nr="79" mi="0" ci="4" mb="0" cb="0"/><line nr="80" mi="0" ci="7" mb="0" cb="0"/><line nr="81" mi="0" ci="7" mb="0" cb="0"/><line nr="82" mi="0" ci="5" mb="0" cb="0"/><line nr="84" mi="0" ci="4" mb="0" cb="0"/><line nr="86" mi="0" ci="4" mb="0" cb="0"/><line nr="88" mi="0" ci="3" mb="0" cb="0"/><line nr="89" mi="0" ci="1" mb="0" cb="0"/><line nr="92" mi="0" ci="5" mb="0" cb="0"/><line nr="93" mi="0" ci="3" mb="0" cb="0"/><line nr="94" mi="0" ci="3" mb="0" cb="0"/><line nr="95" mi="0" ci="3" mb="0" cb="0"/><line nr="96" mi="0" ci="1" mb="0" cb="0"/><line nr="99" mi="0" ci="2" mb="0" cb="2"/><line nr="100" mi="0" ci="2" mb="0" cb="0"/><line nr="103" mi="0" ci="4" mb="0" cb="0"/><line nr="104" mi="0" ci="4" mb="0" cb="0"/><line nr="105" mi="0" ci="4" mb="0" cb="0"/><line nr="106" mi="0" ci="2" mb="0" cb="0"/><line nr="111" mi="0" ci="4" mb="0" cb="0"/><line nr="113" mi="0" ci="4" mb="0" cb="0"/><line nr="114" mi="0" ci="6" mb="0" cb="0"/><line nr="115" mi="0" ci="4" mb="0" cb="0"/><line nr="116" mi="0" ci="1" mb="0" cb="0"/><line nr="117" mi="0" ci="2" mb="0" cb="2"/><line nr="118" mi="0" ci="3" mb="0" cb="0"/><line nr="121" mi="0" ci="4" mb="0" cb="0"/><line nr="122" mi="0" ci="4" mb="0" cb="2"/><line nr="123" mi="0" ci="4" mb="0" cb="0"/><line nr="126" mi="0" ci="3" mb="0" cb="0"/><line nr="127" mi="0" ci="2" mb="0" cb="0"/><line nr="129" mi="0" ci="3" mb="0" cb="0"/><line nr="131" mi="0" ci="4" mb="0" cb="0"/><line nr="132" mi="0" ci="2" mb="0" cb="2"/><line nr="133" mi="2" ci="0" mb="0" cb="0"/><line nr="136" mi="0" ci="2" mb="0" cb="0"/><line nr="140" mi="0" ci="2" mb="0" cb="2"/><line nr="141" mi="0" ci="2" mb="0" cb="0"/><line nr="144" mi="0" ci="3" mb="0" cb="0"/><line nr="145" mi="0" ci="2" mb="0" cb="0"/><line nr="149" mi="0" ci="3" mb="0" cb="2"/><line nr="150" mi="0" ci="5" mb="0" cb="0"/><line nr="152" mi="0" ci="4" mb="0" cb="0"/><line nr="155" mi="0" ci="2" mb="0" cb="0"/><line nr="156" mi="0" ci="2" mb="0" cb="0"/><line nr="160" mi="0" ci="16" mb="2" cb="6"/><line nr="167" mi="0" ci="6" mb="2" cb="2"/><line nr="168" mi="0" ci="3" mb="0" cb="0"/><line nr="170" mi="2" ci="0" mb="0" cb="0"/><line nr="175" mi="0" ci="2" mb="0" cb="0"/><line nr="182" mi="0" ci="2" mb="0" cb="0"/><line nr="183" mi="0" ci="3" mb="0" cb="0"/><line nr="184" mi="0" ci="3" mb="0" cb="0"/><line nr="185" mi="0" ci="1" mb="0" cb="0"/><line nr="188" mi="0" ci="6" mb="0" cb="0"/><line nr="192" mi="0" ci="6" mb="0" cb="0"/><line nr="196" mi="0" ci="3" mb="0" cb="0"/><line nr="200" mi="0" ci="3" mb="0" cb="0"/><line nr="208" mi="0" ci="6" mb="0" cb="0"/><line nr="209" mi="0" ci="9" mb="0" cb="2"/><line nr="214" mi="0" ci="4" mb="0" cb="0"/><line nr="215" mi="2" ci="5" mb="1" cb="1"/><line nr="216" mi="0" ci="7" mb="0" cb="0"/><line nr="221" mi="0" ci="2" mb="0" cb="2"/><line nr="222" mi="0" ci="3" mb="0" cb="0"/><line nr="225" mi="0" ci="2" mb="0" cb="2"/><line nr="226" mi="0" ci="1" mb="0" cb="0"/><line nr="229" mi="0" ci="3" mb="0" cb="0"/><line nr="230" mi="0" ci="3" mb="0" cb="0"/><line nr="231" mi="0" ci="1" mb="0" cb="0"/><line nr="234" mi="0" ci="7" mb="0" cb="2"/><line nr="235" mi="0" ci="3" mb="0" cb="0"/><line nr="236" mi="0" ci="1" mb="0" cb="0"/><line nr="242" mi="0" ci="5" mb="0" cb="0"/><line nr="243" mi="2" ci="5" mb="1" cb="1"/><line nr="244" mi="0" ci="3" mb="0" cb="0"/><line nr="245" mi="0" ci="1" mb="0" cb="0"/><line nr="248" mi="0" ci="3" mb="0" cb="0"/><line nr="252" mi="0" ci="8" mb="0" cb="2"/><line nr="256" mi="0" ci="3" mb="0" cb="0"/><line nr="264" mi="0" ci="4" mb="0" cb="0"/><line nr="266" mi="0" ci="2" mb="0" cb="2"/><line nr="267" mi="0" ci="5" mb="0" cb="0"/><line nr="270" mi="2" ci="5" mb="1" cb="1"/><line nr="272" mi="0" ci="2" mb="1" cb="1"/><line nr="273" mi="0" ci="3" mb="0" cb="0"/><line nr="274" mi="0" ci="3" mb="1" cb="1"/><line nr="275" mi="0" ci="11" mb="0" cb="0"/><line nr="279" mi="0" ci="4" mb="0" cb="0"/><line nr="280" mi="0" ci="4" mb="0" cb="0"/><line nr="281" mi="0" ci="2" mb="0" cb="0"/><line nr="288" mi="0" ci="2" mb="0" cb="2"/><line nr="289" mi="0" ci="4" mb="0" cb="0"/><line nr="292" mi="0" ci="3" mb="0" cb="0"/><line nr="293" mi="0" ci="4" mb="0" cb="2"/><line nr="294" mi="0" ci="2" mb="0" cb="0"/><line nr="297" mi="0" ci="6" mb="0" cb="0"/><line nr="298" mi="0" ci="2" mb="0" cb="2"/><line nr="299" mi="0" ci="4" mb="0" cb="0"/><line nr="302" mi="0" ci="2" mb="0" cb="2"/><line nr="303" mi="0" ci="3" mb="0" cb="0"/><line nr="304" mi="0" ci="2" mb="0" cb="0"/><line nr="307" mi="0" ci="2" mb="1" cb="1"/><line nr="308" mi="0" ci="4" mb="0" cb="0"/><line nr="309" mi="0" ci="3" mb="0" cb="0"/><line nr="312" mi="0" ci="2" mb="0" cb="0"/><line nr="316" mi="0" ci="2" mb="0" cb="0"/><line nr="317" mi="0" ci="2" mb="1" cb="1"/><line nr="318" mi="4" ci="0" mb="0" cb="0"/><line nr="322" mi="0" ci="4" mb="0" cb="0"/><line nr="323" mi="0" ci="2" mb="1" cb="1"/><line nr="324" mi="0" ci="5" mb="0" cb="0"/><line nr="327" mi="0" ci="2" mb="0" cb="0"/><line nr="331" mi="0" ci="8" mb="0" cb="2"/><line nr="333" mi="0" ci="5" mb="1" cb="3"/><line nr="334" mi="0" ci="5" mb="0" cb="0"/><line nr="337" mi="0" ci="5" mb="0" cb="0"/><line nr="338" mi="0" ci="1" mb="0" cb="0"/><line nr="341" mi="0" ci="7" mb="1" cb="5"/><line nr="342" mi="0" ci="2" mb="0" cb="0"/><line nr="345" mi="0" ci="7" mb="0" cb="0"/><line nr="346" mi="0" ci="9" mb="0" cb="2"/><line nr="352" mi="0" ci="5" mb="1" cb="3"/><line nr="353" mi="2" ci="4" mb="1" cb="1"/><line nr="356" mi="0" ci="5" mb="1" cb="3"/><line nr="357" mi="0" ci="2" mb="0" cb="0"/><line nr="360" mi="0" ci="4" mb="0" cb="0"/><line nr="361" mi="0" ci="2" mb="0" cb="2"/><line nr="362" mi="0" ci="2" mb="0" cb="0"/><line nr="365" mi="0" ci="6" mb="0" cb="4"/><line nr="366" mi="0" ci="2" mb="0" cb="0"/><line nr="369" mi="0" ci="4" mb="0" cb="0"/><line nr="370" mi="0" ci="8" mb="0" cb="0"/><line nr="371" mi="0" ci="10" mb="0" cb="2"/><line nr="372" mi="0" ci="3" mb="0" cb="2"/><line nr="373" mi="0" ci="1" mb="0" cb="0"/><line nr="376" mi="0" ci="4" mb="0" cb="0"/><line nr="377" mi="0" ci="3" mb="1" cb="1"/><line nr="378" mi="0" ci="5" mb="0" cb="0"/><line nr="380" mi="0" ci="1" mb="0" cb="0"/><line nr="382" mi="0" ci="2" mb="0" cb="0"/><line nr="386" mi="0" ci="2" mb="0" cb="0"/><line nr="387" mi="0" ci="10" mb="0" cb="2"/><line nr="388" mi="0" ci="7" mb="0" cb="0"/><line nr="389" mi="0" ci="1" mb="0" cb="0"/><line nr="390" mi="0" ci="2" mb="0" cb="0"/><line nr="394" mi="0" ci="9" mb="1" cb="5"/><line nr="395" mi="0" ci="2" mb="0" cb="0"/><line nr="398" mi="0" ci="4" mb="0" cb="0"/><line nr="399" mi="0" ci="11" mb="0" cb="2"/><line nr="400" mi="0" ci="2" mb="0" cb="2"/><line nr="401" mi="0" ci="4" mb="0" cb="0"/><line nr="403" mi="0" ci="1" mb="0" cb="0"/><line nr="405" mi="2" ci="5" mb="1" cb="1"/><line nr="412" mi="0" ci="5" mb="0" cb="0"/><line nr="413" mi="0" ci="5" mb="0" cb="0"/><line nr="414" mi="0" ci="3" mb="0" cb="0"/><line nr="415" mi="0" ci="1" mb="0" cb="0"/><line nr="418" mi="0" ci="7" mb="0" cb="2"/><line nr="424" mi="0" ci="6" mb="2" cb="2"/><line nr="425" mi="1" ci="0" mb="0" cb="0"/><line nr="428" mi="0" ci="5" mb="0" cb="2"/><line nr="429" mi="0" ci="7" mb="0" cb="0"/><line nr="430" mi="0" ci="1" mb="0" cb="0"/><line nr="433" mi="0" ci="3" mb="0" cb="0"/><line nr="434" mi="0" ci="8" mb="0" cb="0"/><line nr="435" mi="0" ci="2" mb="1" cb="1"/><line nr="436" mi="0" ci="11" mb="0" cb="0"/><line nr="437" mi="0" ci="6" mb="0" cb="0"/><line nr="440" mi="0" ci="3" mb="0" cb="0"/><line nr="441" mi="0" ci="1" mb="0" cb="0"/><line nr="447" mi="0" ci="4" mb="0" cb="0"/><line nr="448" mi="0" ci="4" mb="0" cb="0"/><line nr="449" mi="0" ci="9" mb="0" cb="0"/><line nr="450" mi="0" ci="2" mb="0" cb="0"/><line nr="456" mi="0" ci="8" mb="1" cb="5"/><line nr="457" mi="0" ci="2" mb="0" cb="2"/><line nr="458" mi="0" ci="2" mb="0" cb="0"/><line nr="461" mi="0" ci="5" mb="1" cb="3"/><line nr="462" mi="0" ci="2" mb="0" cb="0"/><line nr="465" mi="0" ci="4" mb="0" cb="0"/><line nr="466" mi="0" ci="8" mb="0" cb="0"/><line nr="467" mi="0" ci="11" mb="0" cb="0"/><line nr="469" mi="0" ci="5" mb="1" cb="3"/><line nr="470" mi="0" ci="8" mb="0" cb="0"/><line nr="471" mi="0" ci="2" mb="0" cb="2"/><line nr="472" mi="0" ci="10" mb="0" cb="0"/><line nr="475" mi="0" ci="11" mb="0" cb="0"/><line nr="476" mi="0" ci="8" mb="1" cb="3"/><line nr="477" mi="0" ci="10" mb="0" cb="0"/><line nr="481" mi="0" ci="8" mb="0" cb="2"/><line nr="487" mi="0" ci="2" mb="0" cb="2"/><line nr="488" mi="0" ci="2" mb="0" cb="0"/><line nr="491" mi="0" ci="3" mb="0" cb="0"/><line nr="492" mi="0" ci="2" mb="0" cb="2"/><line nr="493" mi="0" ci="2" mb="0" cb="0"/><line nr="496" mi="0" ci="5" mb="2" cb="2"/><line nr="497" mi="2" ci="0" mb="0" cb="0"/><line nr="500" mi="0" ci="9" mb="0" cb="0"/><line nr="501" mi="0" ci="2" mb="1" cb="1"/><line nr="502" mi="2" ci="0" mb="0" cb="0"/><line nr="505" mi="0" ci="6" mb="0" cb="0"/><line nr="506" mi="0" ci="6" mb="0" cb="0"/><line nr="508" mi="0" ci="4" mb="0" cb="0"/><line nr="510" mi="0" ci="3" mb="0" cb="0"/><line nr="511" mi="0" ci="4" mb="0" cb="0"/><line nr="513" mi="0" ci="2" mb="0" cb="2"/><line nr="514" mi="0" ci="6" mb="0" cb="0"/><line nr="517" mi="0" ci="3" mb="0" cb="2"/><line nr="518" mi="0" ci="6" mb="0" cb="0"/><line nr="521" mi="0" ci="2" mb="0" cb="0"/><line nr="525" mi="0" ci="2" mb="1" cb="1"/><line nr="526" mi="2" ci="0" mb="0" cb="0"/><line nr="529" mi="0" ci="3" mb="0" cb="0"/><line nr="530" mi="0" ci="3" mb="0" cb="0"/><line nr="532" mi="0" ci="7" mb="2" cb="4"/><line nr="533" mi="0" ci="2" mb="0" cb="0"/><line nr="536" mi="0" ci="7" mb="0" cb="0"/><line nr="537" mi="0" ci="7" mb="0" cb="0"/><line nr="539" mi="0" ci="4" mb="0" cb="0"/><line nr="540" mi="0" ci="3" mb="0" cb="0"/><line nr="541" mi="0" ci="4" mb="0" cb="0"/><line nr="543" mi="0" ci="2" mb="1" cb="1"/><line nr="544" mi="0" ci="6" mb="0" cb="0"/><line nr="547" mi="0" ci="3" mb="1" cb="1"/><line nr="548" mi="0" ci="6" mb="0" cb="0"/><line nr="551" mi="0" ci="2" mb="0" cb="0"/><line nr="555" mi="0" ci="2" mb="0" cb="2"/><line nr="556" mi="0" ci="2" mb="0" cb="0"/><line nr="559" mi="0" ci="5" mb="0" cb="2"/><line nr="560" mi="0" ci="3" mb="0" cb="2"/><line nr="561" mi="0" ci="3" mb="1" cb="1"/><line nr="562" mi="0" ci="5" mb="1" cb="1"/><line nr="566" mi="0" ci="2" mb="1" cb="1"/><line nr="567" mi="2" ci="0" mb="0" cb="0"/><line nr="570" mi="0" ci="4" mb="0" cb="0"/><line nr="571" mi="0" ci="4" mb="0" cb="0"/><line nr="572" mi="0" ci="4" mb="0" cb="0"/><line nr="573" mi="0" ci="4" mb="0" cb="0"/><line nr="574" mi="0" ci="4" mb="0" cb="0"/><line nr="575" mi="0" ci="2" mb="0" cb="0"/><line nr="579" mi="0" ci="2" mb="1" cb="1"/><line nr="580" mi="2" ci="0" mb="0" cb="0"/><line nr="583" mi="0" ci="5" mb="0" cb="0"/><line nr="584" mi="0" ci="2" mb="0" cb="2"/><line nr="585" mi="0" ci="2" mb="0" cb="0"/><line nr="588" mi="0" ci="5" mb="0" cb="0"/><line nr="592" mi="0" ci="7" mb="3" cb="3"/><line nr="593" mi="2" ci="0" mb="0" cb="0"/><line nr="596" mi="0" ci="8" mb="0" cb="2"/><line nr="597" mi="0" ci="5" mb="0" cb="2"/><line nr="598" mi="0" ci="2" mb="0" cb="0"/><line nr="602" mi="0" ci="2" mb="0" cb="0"/><line nr="606" mi="0" ci="7" mb="2" cb="2"/><line nr="607" mi="2" ci="0" mb="0" cb="0"/><line nr="610" mi="0" ci="5" mb="0" cb="2"/><line nr="611" mi="0" ci="6" mb="0" cb="0"/><line nr="612" mi="0" ci="3" mb="0" cb="0"/><line nr="615" mi="0" ci="4" mb="0" cb="0"/><line nr="619" mi="0" ci="9" mb="1" cb="5"/><line nr="620" mi="0" ci="7" mb="0" cb="0"/><line nr="623" mi="0" ci="11" mb="3" cb="3"/><line nr="624" mi="0" ci="5" mb="0" cb="0"/><line nr="627" mi="2" ci="0" mb="0" cb="0"/><line nr="630" mi="2" ci="6" mb="1" cb="1"/><line nr="634" mi="0" ci="7" mb="3" cb="3"/><line nr="635" mi="2" ci="0" mb="0" cb="0"/><line nr="638" mi="0" ci="7" mb="0" cb="0"/><line nr="642" mi="0" ci="2" mb="0" cb="2"/><line nr="643" mi="0" ci="2" mb="0" cb="0"/><line nr="646" mi="0" ci="3" mb="0" cb="0"/><line nr="647" mi="0" ci="3" mb="1" cb="1"/><line nr="648" mi="2" ci="0" mb="0" cb="0"/><line nr="651" mi="0" ci="8" mb="0" cb="2"/><line nr="652" mi="0" ci="5" mb="0" cb="2"/><line nr="653" mi="0" ci="2" mb="0" cb="0"/><line nr="657" mi="0" ci="5" mb="0" cb="0"/><line nr="661" mi="0" ci="5" mb="1" cb="3"/><line nr="662" mi="0" ci="2" mb="0" cb="0"/><line nr="665" mi="0" ci="3" mb="0" cb="0"/><line nr="666" mi="0" ci="4" mb="0" cb="2"/><line nr="667" mi="0" ci="2" mb="0" cb="0"/><line nr="670" mi="0" ci="3" mb="0" cb="0"/><line nr="674" mi="0" ci="2" mb="0" cb="2"/><line nr="675" mi="0" ci="2" mb="0" cb="0"/><line nr="678" mi="0" ci="3" mb="0" cb="0"/><line nr="679" mi="0" ci="7" mb="0" cb="2"/><line nr="683" mi="0" ci="3" mb="0" cb="2"/><line nr="684" mi="0" ci="2" mb="0" cb="0"/><line nr="687" mi="0" ci="6" mb="0" cb="0"/><line nr="688" mi="0" ci="10" mb="0" cb="2"/><line nr="689" mi="0" ci="4" mb="0" cb="0"/><line nr="690" mi="0" ci="2" mb="0" cb="2"/><line nr="691" mi="0" ci="4" mb="0" cb="0"/><line nr="693" mi="0" ci="1" mb="0" cb="0"/><line nr="695" mi="0" ci="7" mb="0" cb="2"/><line nr="698" mi="0" ci="2" mb="0" cb="2"/><line nr="699" mi="0" ci="2" mb="0" cb="0"/><line nr="702" mi="0" ci="6" mb="0" cb="0"/><line nr="703" mi="0" ci="2" mb="0" cb="0"/><line nr="707" mi="0" ci="5" mb="0" cb="4"/><line nr="708" mi="0" ci="2" mb="0" cb="0"/><line nr="711" mi="0" ci="6" mb="0" cb="0"/><line nr="712" mi="0" ci="10" mb="0" cb="2"/><line nr="713" mi="0" ci="2" mb="0" cb="2"/><line nr="714" mi="0" ci="4" mb="0" cb="0"/><line nr="716" mi="0" ci="1" mb="0" cb="0"/><line nr="718" mi="2" ci="5" mb="1" cb="1"/><line nr="722" mi="0" ci="10" mb="0" cb="2"/><line nr="723" mi="0" ci="5" mb="0" cb="4"/><line nr="724" mi="0" ci="3" mb="0" cb="0"/><line nr="726" mi="0" ci="1" mb="0" cb="0"/><line nr="727" mi="0" ci="2" mb="0" cb="0"/><line nr="731" mi="0" ci="4" mb="0" cb="0"/><line nr="732" mi="0" ci="3" mb="0" cb="0"/><line nr="733" mi="0" ci="3" mb="0" cb="0"/><line nr="734" mi="0" ci="3" mb="0" cb="0"/><line nr="738" mi="0" ci="5" mb="1" cb="3"/><line nr="739" mi="0" ci="2" mb="0" cb="0"/><line nr="742" mi="0" ci="4" mb="0" cb="0"/><line nr="743" mi="0" ci="10" mb="0" cb="2"/><line nr="744" mi="0" ci="4" mb="0" cb="0"/><line nr="745" mi="0" ci="3" mb="0" cb="2"/><line nr="746" mi="0" ci="4" mb="0" cb="0"/><line nr="748" mi="0" ci="1" mb="0" cb="0"/><line nr="750" mi="0" ci="7" mb="0" cb="2"/><counter type="INSTRUCTION" missed="43" covered="1423"/><counter type="BRANCH" missed="56" covered="224"/><counter type="LINE" missed="14" covered="348"/><counter type="COMPLEXITY" missed="56" covered="141"/><counter type="METHOD" missed="0" covered="57"/><counter type="CLASS" missed="0" covered="4"/></sourcefile><sourcefile name="AbstractPFMHT01001PETransaction.java"><line nr="18" mi="0" ci="2" mb="0" cb="0"/><line nr="19" mi="0" ci="1" mb="0" cb="0"/><line nr="26" mi="0" ci="5" mb="0" cb="0"/><line nr="33" mi="0" ci="4" mb="0" cb="0"/><line nr="34" mi="0" ci="1" mb="0" cb="0"/><line nr="40" mi="4" ci="0" mb="0" cb="0"/><line nr="41" mi="1" ci="0" mb="0" cb="0"/><line nr="47" mi="0" ci="4" mb="0" cb="0"/><line nr="48" mi="0" ci="1" mb="0" cb="0"/><line nr="54" mi="0" ci="4" mb="0" cb="0"/><line nr="55" mi="0" ci="1" mb="0" cb="0"/><line nr="61" mi="0" ci="4" mb="0" cb="0"/><line nr="62" mi="0" ci="1" mb="0" cb="0"/><line nr="68" mi="0" ci="4" mb="0" cb="0"/><line nr="69" mi="0" ci="1" mb="0" cb="0"/><counter type="INSTRUCTION" missed="5" covered="33"/><counter type="LINE" missed="2" covered="13"/><counter type="COMPLEXITY" missed="1" covered="7"/><counter type="METHOD" missed="1" covered="7"/><counter type="CLASS" missed="0" covered="1"/></sourcefile><counter type="INSTRUCTION" missed="48" covered="1456"/><counter type="BRANCH" missed="56" covered="224"/><counter type="LINE" missed="16" covered="361"/><counter type="COMPLEXITY" missed="57" covered="148"/><counter type="METHOD" missed="1" covered="64"/><counter type="CLASS" missed="0" covered="5"/></package><counter type="INSTRUCTION" missed="48" covered="1456"/><counter type="BRANCH" missed="56" covered="224"/><counter type="LINE" missed="16" covered="361"/><counter type="COMPLEXITY" missed="57" covered="148"/><counter type="METHOD" missed="1" covered="64"/><counter type="CLASS" missed="0" covered="5"/></report>